d:\personal projects\soupengine\soupengine\x64\debug\vc141.pdb
d:\personal projects\soupengine\soupengine\x64\debug\vc141.idb
d:\personal projects\soupengine\soupengine\x64\debug\window.obj
d:\personal projects\soupengine\soupengine\x64\debug\souptimer.obj
d:\personal projects\soupengine\soupengine\x64\debug\soupexception.obj
d:\personal projects\soupengine\soupengine\x64\debug\mouse.obj
d:\personal projects\soupengine\soupengine\x64\debug\main.obj
d:\personal projects\soupengine\soupengine\x64\debug\keyboard.obj
d:\personal projects\soupengine\soupengine\x64\debug\graphics.obj
d:\personal projects\soupengine\soupengine\x64\debug\dxgiinfomanager.obj
d:\personal projects\soupengine\soupengine\x64\debug\dxerr.obj
d:\personal projects\soupengine\soupengine\x64\debug\application.obj
d:\personal projects\soupengine\x64\debug\soupengine.exe
d:\personal projects\soupengine\x64\debug\soupengine.ilk
d:\personal projects\soupengine\x64\debug\soupengine.pdb
d:\personal projects\soupengine\soupengine\x64\debug\soupengine.res
d:\personal projects\soupengine\soupengine\x64\debug\soupengine.tlog\cl.command.1.tlog
d:\personal projects\soupengine\soupengine\x64\debug\soupengine.tlog\cl.read.1.tlog
d:\personal projects\soupengine\soupengine\x64\debug\soupengine.tlog\cl.write.1.tlog
d:\personal projects\soupengine\soupengine\x64\debug\soupengine.tlog\fxc.command.1.tlog
d:\personal projects\soupengine\soupengine\x64\debug\soupengine.tlog\fxc.read.1.tlog
d:\personal projects\soupengine\soupengine\x64\debug\soupengine.tlog\fxc.write.1.tlog
d:\personal projects\soupengine\soupengine\x64\debug\soupengine.tlog\link.command.1.tlog
d:\personal projects\soupengine\soupengine\x64\debug\soupengine.tlog\link.read.1.tlog
d:\personal projects\soupengine\soupengine\x64\debug\soupengine.tlog\link.write.1.tlog
d:\personal projects\soupengine\soupengine\x64\debug\soupengine.tlog\rc.command.1.tlog
d:\personal projects\soupengine\soupengine\x64\debug\soupengine.tlog\rc.read.1.tlog
d:\personal projects\soupengine\soupengine\x64\debug\soupengine.tlog\rc.write.1.tlog
